<?xml version="1.0" encoding="UTF-8"?>
<!-- Generated by org.testng.reporters.JUnitXMLReporter -->
<testsuite ignored="1" hostname="DESKTOP-4HCB293" failures="0" tests="1" name="Default test" time="53.145" errors="0" timestamp="2022-10-13T18:08:29 IST">
  <testcase classname="TestPackage.OpenGoogle" name="TestFaceBook" time="27.177"/>
  <testcase classname="TestPackage.OpenGoogle" name="TestOpenGoogle" time="0.0">
    <ignored/>
  </testcase> <!-- TestOpenGoogle -->
</testsuite> <!-- Default test -->
